<?xml version="1.0" encoding="UTF-8"?>
<testsuite name="com.example.HelloWorldTest" tests="1" skipped="0" failures="0" errors="0" timestamp="2025-08-11T06:05:17" hostname="LAPTOP-9V0PQJNO" time="0.003">
  <properties/>
  <testcase name="testGetGreeting" classname="com.example.HelloWorldTest" time="0.003"/>
  <system-out><![CDATA[]]></system-out>
  <system-err><![CDATA[]]></system-err>
</testsuite>
